{
    "SecretList": [
        {
            "ARN": "arn:aws:secretsmanager:eu-west-2:839663496474:secret:flag2-UjomOM",
            "Name": "flag2",
            "Description": "Flag for hackvent 2022",
            "LastChangedDate": "2022-12-10T22:04:51.135000+01:00",
            "LastAccessedDate": "2022-12-11T01:00:00+01:00",
            "Tags": [],
            "SecretVersionsToStages": {
                "3cb95787-eea6-475b-9b5b-16bac83b449d": [
                    "AWSPREVIOUS"
                ],
                "8a498b78-e73f-4a97-a0c3-74f365d3aa0d": [
                    "AWSCURRENT"
                ]
            },
            "CreatedDate": "2022-11-05T18:44:58.369000+01:00"
        }
    ]
}

{
    "ARN": "arn:aws:secretsmanager:eu-west-2:839663496474:secret:flag2-UjomOM",
    "Name": "flag2",
    "VersionId": "8a498b78-e73f-4a97-a0c3-74f365d3aa0d",
    "SecretString": "{\"flag2description\":\"Oh Hai! Santa made us split the flag up, he gave this part to me and told me to put it somewhere safe, I figured this was the best place.  The other half he gave to another Elf and told him the same thing, but that Elf told me he just threw it into a bucket!  That doesn't sound safe at all!\",\"flag2\":\"M3r2y-Xm45_Yarr222_<3_Pirate}\",\"what_is_this\":\"Oh I forgot to mention I overheard some of the elves talking about making tags available ... maybe they mean gift tags?! Who knows ... maybe you can make something out of that ... or not :D \"}",
    "VersionStages": [
        "AWSCURRENT"
    ],
    "CreatedDate": "2022-12-10T22:04:51.128000+01:00"
}
